0 info it worked if it ends with ok
1 verbose cli [ '/Users/baidu/.nvm/versions/node/v6.8.0/bin/node',
1 verbose cli   '/Users/baidu/.nvm/versions/node/v6.8.0/bin/npm',
1 verbose cli   'run',
1 verbose cli   'dev' ]
2 info using npm@3.10.8
3 info using node@v6.8.0
4 verbose run-script [ 'predev', 'dev', 'postdev' ]
5 info lifecycle easygo@2.5.1~predev: easygo@2.5.1
6 silly lifecycle easygo@2.5.1~predev: no script for predev, continuing
7 info lifecycle easygo@2.5.1~dev: easygo@2.5.1
8 verbose lifecycle easygo@2.5.1~dev: unsafe-perm in lifecycle true
9 verbose lifecycle easygo@2.5.1~dev: PATH: /Users/baidu/.nvm/versions/node/v6.8.0/lib/node_modules/npm/bin/node-gyp-bin:/Users/baidu/workspace/node/easygo/node_modules/.bin:/Users/baidu/.nvm/versions/node/v6.8.0/bin:/usr/local/bin:/usr/bin:/bin:/usr/sbin:/sbin:/usr/local/git/bin:/usr/local/go/bin:/Library/Frameworks/Mono.framework/Versions/Current/Commands:/data/Android_Env/android-sdk-mac_x86/tools
10 verbose lifecycle easygo@2.5.1~dev: CWD: /Users/baidu/workspace/node/easygo
11 silly lifecycle easygo@2.5.1~dev: Args: [ '-c',
11 silly lifecycle   'cross-env NODE_ENV=development webpack-dev-server  --colors  --open --hot --port 8000 ' ]
12 silly lifecycle easygo@2.5.1~dev: Returned: code: 1  signal: null
13 info lifecycle easygo@2.5.1~dev: Failed to exec dev script
14 verbose stack Error: easygo@2.5.1 dev: `cross-env NODE_ENV=development webpack-dev-server  --colors  --open --hot --port 8000 `
14 verbose stack Exit status 1
14 verbose stack     at EventEmitter.<anonymous> (/Users/baidu/.nvm/versions/node/v6.8.0/lib/node_modules/npm/lib/utils/lifecycle.js:255:16)
14 verbose stack     at emitTwo (events.js:106:13)
14 verbose stack     at EventEmitter.emit (events.js:191:7)
14 verbose stack     at ChildProcess.<anonymous> (/Users/baidu/.nvm/versions/node/v6.8.0/lib/node_modules/npm/lib/utils/spawn.js:40:14)
14 verbose stack     at emitTwo (events.js:106:13)
14 verbose stack     at ChildProcess.emit (events.js:191:7)
14 verbose stack     at maybeClose (internal/child_process.js:877:16)
14 verbose stack     at Process.ChildProcess._handle.onexit (internal/child_process.js:226:5)
15 verbose pkgid easygo@2.5.1
16 verbose cwd /Users/baidu/workspace/node/easygo
17 error Darwin 16.4.0
18 error argv "/Users/baidu/.nvm/versions/node/v6.8.0/bin/node" "/Users/baidu/.nvm/versions/node/v6.8.0/bin/npm" "run" "dev"
19 error node v6.8.0
20 error npm  v3.10.8
21 error code ELIFECYCLE
22 error easygo@2.5.1 dev: `cross-env NODE_ENV=development webpack-dev-server  --colors  --open --hot --port 8000 `
22 error Exit status 1
23 error Failed at the easygo@2.5.1 dev script 'cross-env NODE_ENV=development webpack-dev-server  --colors  --open --hot --port 8000 '.
23 error Make sure you have the latest version of node.js and npm installed.
23 error If you do, this is most likely a problem with the easygo package,
23 error not with npm itself.
23 error Tell the author that this fails on your system:
23 error     cross-env NODE_ENV=development webpack-dev-server  --colors  --open --hot --port 8000
23 error You can get information on how to open an issue for this project with:
23 error     npm bugs easygo
23 error Or if that isn't available, you can get their info via:
23 error     npm owner ls easygo
23 error There is likely additional logging output above.
24 verbose exit [ 1, true ]
